1 73043164 358.31
1 73043164 357.30
1 73043164 350.41
2 74042337 374.59
2 74042337 369.96
2 74042337 370.65
3 74242608 379.59
3 74242608 388.60
3 74242608 394.70
4 74242560 381.40
4 74242560 383.90
4 74242560 387.06
5 74242597 360.95
5 74242597 374.67
5 74242597 369.59
6 74242056 345.07
6 74242056 361.23
6 74242056 354.16
7 74175577 339.40
7 74175577 337.14
7 74175577 356.45
8 74042176 348.46
8 74042176 347.03
8 74042176 342.97
9 73962051 338.79
9 73962051 331.57
9 73962051 334.07
10 73909208 333.37
10 73909208 341.50
10 73909208 339.25
e
